{
  "RSpec": {
    "coverage": {
      "/home/isasolaris/tic-tac-toe-rb-ruby-apply-000/lib/tic_tac_toe.rb": [
        null,
        1,
        null,
        null,
        1,
        null,
        null,
        null,
        null,
        null,
        null,
        null,
        null,
        1,
        13,
        13,
        13,
        13,
        13,
        null,
        null,
        1,
        13,
        13,
        13,
        null,
        null,
        1,
        13,
        13,
        null,
        null,
        1,
        13,
        13,
        0,
        0,
        null,
        null,
        null,
        1,
        13,
        13,
        null,
        0,
        null,
        null,
        null,
        1,
        13,
        13,
        13,
        13,
        13,
        13,
        null,
        0,
        null,
        null,
        null,
        1,
        0,
        0,
        0,
        0,
        null,
        null,
        0,
        null,
        null,
        1,
        0,
        0,
        0,
        null,
        0,
        null,
        null,
        null,
        1,
        15,
        94,
        94,
        94,
        null,
        94,
        94,
        94,
        null,
        94,
        3,
        91,
        1,
        null,
        null,
        11,
        null,
        null,
        1,
        51,
        2,
        null,
        11,
        null,
        null,
        null,
        1,
        4,
        0,
        null,
        4,
        null,
        null,
        null,
        1,
        14,
        8,
        null,
        6,
        null,
        null,
        null,
        1,
        0,
        0,
        null,
        null,
        0,
        0,
        null,
        0,
        null,
        null,
        null,
        null,
        1,
        12,
        13,
        null,
        null
      ]
    },
    "timestamp": 1594835944
  }
}
