{
  "RSpec": {
    "coverage": {
      "/home/isasolaris/tic-tac-toe-rb-ruby-apply-000/lib/tic_tac_toe.rb": [
        null,
        1,
        null,
        null,
        1,
        null,
        null,
        null,
        null,
        null,
        null,
        null,
        null,
        1,
        21,
        21,
        21,
        21,
        21,
        null,
        null,
        1,
        20,
        20,
        20,
        null,
        null,
        1,
        20,
        20,
        null,
        null,
        1,
        24,
        21,
        3,
        3,
        null,
        null,
        null,
        1,
        20,
        17,
        null,
        3,
        null,
        null,
        null,
        1,
        17,
        17,
        17,
        17,
        16,
        16,
        null,
        1,
        null,
        null,
        null,
        1,
        16,
        16,
        144,
        16,
        null,
        null,
        16,
        null,
        null,
        1,
        15,
        15,
        10,
        null,
        5,
        null,
        null,
        null,
        1,
        45,
        271,
        271,
        271,
        null,
        271,
        271,
        271,
        null,
        271,
        14,
        257,
        4,
        null,
        null,
        27,
        null,
        null,
        1,
        102,
        6,
        null,
        16,
        null,
        null,
        null,
        1,
        11,
        2,
        null,
        9,
        null,
        null,
        null,
        1,
        18,
        10,
        null,
        8,
        null,
        null,
        null,
        1,
        7,
        7,
        null,
        null,
        6,
        4,
        null,
        2,
        null,
        null,
        null,
        null,
        1,
        12,
        14,
        14,
        null,
        12,
        5,
        null,
        7,
        null,
        null
      ]
    },
    "timestamp": 1594836881
  }
}
